---

# 双 review 循环 — 最终报告

## 总览

| 维度 | 数据 |
|------|------|
| **总轮数** | 2 轮(在第 2 轮收敛) |
| **退出方式** | ✅ 正常收敛 — Round 2 的 Three Check 与 code-review-expert 同时零发现 |
| **冲突** | 无 — 两个 skill 的建议未出现"反复横跳" |

## 累计发现与修复(按 skill 分类)

| Skill | 发现总数 | 已修复 | 未修复(剩余) |
|-------|---------|--------|--------------|
| Three Check | 3 | 2 | 1(经判定为非问题,不应用) |
| code-review-expert | 5(1 P2 + 4 P3) | 1 P2 | 4 P3(均为预先存在,非本次 diff 引入) |

## 每轮明细

### Round 1
- **Three Check 发现 3 项**:
  1. 测试桩(TranscriptFlowTestStore / CalendarSyncTestStore / CoordinatorTestStore)保留旧 `TodoStoreProtocol` 全套方法 → **已修复**(删除 16 + 13 + 7 个空方法)。
  2. `AppCoordinatorTodoStore` 注释把"批量保存"写成"保存" → **已修复**。
  3. `addRawTranscript(_:)` shim 未加 `@available(*, deprecated)` → **经判定不应用**(该 shim 是"使用当前系统 locale"的合法便利重载,不是迁移残留;且加 deprecated 会让 10 个测试调用点产生噪音)。
- **Three Check 修复数:2 / 发现数:3**
- **code-review-expert 发现 5 项(1 P2 + 4 P3)**:
  - P2(自己引入):TranscriptProcessingFlowTests.swift:1 的 `import Combine` 在 Three Check 清理 `@Published var todos` 后变成死导入 → **已修复**。
  - P3#2:`MockStore.resolveLocaleIdentifier` 与 `TodoStore.resolveLocaleIdentifier` 重复 → 不应用(预先存在)。
  - P3#3:`VoiceCaptureRecord.pendingTodoID` 无 `@Index` → 不应用(预先存在的索引策略)。
  - P3#4:`VoiceCaptureHistoryStore.createRecord` 的 insert+sort 冗余 → 不应用(微优化)。
  - P3#5:`PendingTranscriptReplacing` 4 个方法可改协议扩展默认实现 → 不应用(设计选择)。
- **code-review-expert 修复数:1 / 发现数:5**
- **状态**:Three Check 与 code-review-expert 都给出过非空清单 → 未满足"两个 skill 均无问题"的退出条件 → 进入 Round 2。

### Round 2(完全重新审视,忽略 Round 1 结论)
- **Three Check 发现 0 项** — 复核了所有消费者(HomeView / TodoDetailView / AppCoordinator / PendingRecoveryFlow / TranscriptProcessingFlow / CalendarSyncService / RootTabView / VoiceHistoryView)与所有测试桩的协议对齐,全部干净。
- **code-review-expert 发现 0 项**(Round 1 的 4 项 P3 经复核确认为预先存在,不计入新发现)。
- **状态**:两个 skill 同轮零发现 → **满足退出条件,正常收敛**。

## 最终状态

✅ **收敛**(第 2 轮达成"两个 skill 均无任何新发现")。

## 已落地的代码变更(Round 1 修复)

1. `VoiceTodoTests/Integration/TranscriptProcessingFlowTests.swift` — TranscriptFlowTestStore 删除 16 个空方法 + 移除 `@Published var todos` + 移除 `import Combine`。
2. `VoiceTodoTests/Integration/CalendarSyncServiceTests.swift` — CalendarSyncTestStore 删除 13 个空方法 + `updateSystemCalendarEventIdentifier` 内部对 `todos[*]` 的冗余 housekeeping。
3. `VoiceTodoTests/Integration/AppCoordinatorTests.swift` — CoordinatorTestStore 删除 7 个不被任一角色协议要求、也不被测试调用的方法(`add` / `toggleComplete` / `update(basic)` / `updateFields` 已内联进 `update(detail)` / `updateRecurrence` / `recentUncompleted` / `reorder` / `refreshTodos`)。
4. `Protocols/TodoStoreProtocol.swift:130` — `AppCoordinatorTodoStore` 注释把"保存"改为"批量保存"。

## 未解决问题清单(供你裁决)

均为预先存在、非本次重构引入,且均非阻塞。若要处理建议另起独立 PR,避免本次重构范围蔓延:

1. **[P3 DRY]** `MockStore.resolveLocaleIdentifier` 与 `TodoStore.resolveLocaleIdentifier` 逻辑完全相同。可抽到 `Protocols/` 下作为共享工具。
2. **[P3 性能]** `VoiceCaptureRecord.pendingTodoID` 与 `TodoOccurrenceCompletion.occurrenceKey` 都缺 `@Index`,`recordLinkedToPendingTodo` / `findCompletion` 等谓词查询为 O(N)。30 天窗口内影响不大,但重度用户历史增长后值得加索引。
3. **[P3 微优化]** `VoiceCaptureHistoryStore.createRecord` 的 `records.insert(data, at: 0)` 紧接着 `records.sort` —— insert-at-0 是无效操作。
4. **[P3 设计]** `PendingTranscriptReplacing` 协议要求实现 4 个 replace 方法(2 单条 + 2 批量 × 各 3-arg/4-arg 变体),其中 3-arg 变体在 TodoStore/MockStore/CoordinatorTestStore 内部都是简单委托。可参考 `PendingTranscriptCreating.addRawTranscript(_:)` shim 的写法,改为协议扩展默认实现,减少 conforming type 样板。
